[debug] [2024-08-02T10:11:07.020Z] ----------------------------------------------------------------------
[debug] [2024-08-02T10:11:07.023Z] Command:       C:\Program Files\nodejs\node.exe C:\Users\huzef\AppData\Roaming\npm\node_modules\firebase-tools\lib\bin\firebase.js deploy
[debug] [2024-08-02T10:11:07.024Z] CLI Version:   12.4.8
[debug] [2024-08-02T10:11:07.024Z] Platform:      win32
[debug] [2024-08-02T10:11:07.024Z] Node Version:  v20.10.0
[debug] [2024-08-02T10:11:07.024Z] Time:          Fri Aug 02 2024 15:11:07 GMT+0500 (Pakistan Standard Time)
[debug] [2024-08-02T10:11:07.024Z] ----------------------------------------------------------------------
[debug] 
[debug] [2024-08-02T10:11:07.030Z] >>> [apiv2][query] GET https://firebase-public.firebaseio.com/cli.json [none]
[debug] [2024-08-02T10:11:07.205Z] > command requires scopes: ["email","openid","https://www.googleapis.com/auth/cloudplatformprojects.readonly","https://www.googleapis.com/auth/firebase","https://www.googleapis.com/auth/cloud-platform"]
[debug] [2024-08-02T10:11:07.205Z] > authorizing via signed-in user (huzefamustafa1413@gmail.com)
[debug] [2024-08-02T10:11:07.205Z] [iam] checking project fakebook-e256d for permissions ["firebase.projects.get","firebasehosting.sites.update"]
[debug] [2024-08-02T10:11:07.207Z] > refreshing access token with scopes: []
[debug] [2024-08-02T10:11:07.209Z] >>> [apiv2][query] POST https://www.googleapis.com/oauth2/v3/token [none]
[debug] [2024-08-02T10:11:07.209Z] >>> [apiv2][body] POST https://www.googleapis.com/oauth2/v3/token [omitted]
[debug] [2024-08-02T10:11:07.593Z] <<< [apiv2][status] POST https://www.googleapis.com/oauth2/v3/token 400
[debug] [2024-08-02T10:11:07.593Z] <<< [apiv2][body] POST https://www.googleapis.com/oauth2/v3/token [omitted]
[debug] [2024-08-02T10:11:07.594Z] >>> [apiv2][query] POST https://cloudresourcemanager.googleapis.com/v1/projects/fakebook-e256d:testIamPermissions [none]
[debug] [2024-08-02T10:11:07.594Z] >>> [apiv2][(partial)header] POST https://cloudresourcemanager.googleapis.com/v1/projects/fakebook-e256d:testIamPermissions x-goog-quota-user=projects/fakebook-e256d
[debug] [2024-08-02T10:11:07.594Z] >>> [apiv2][body] POST https://cloudresourcemanager.googleapis.com/v1/projects/fakebook-e256d:testIamPermissions {"permissions":["firebase.projects.get","firebasehosting.sites.update"]}
[debug] [2024-08-02T10:11:07.752Z] <<< [apiv2][status] GET https://firebase-public.firebaseio.com/cli.json 200
[debug] [2024-08-02T10:11:07.753Z] <<< [apiv2][body] GET https://firebase-public.firebaseio.com/cli.json {"cloudBuildErrorAfter":1594252800000,"cloudBuildWarnAfter":1590019200000,"defaultNode10After":1594252800000,"minVersion":"3.0.5","node8DeploysDisabledAfter":1613390400000,"node8RuntimeDisabledAfter":1615809600000,"node8WarnAfter":1600128000000}
[debug] [2024-08-02T10:11:08.944Z] <<< [apiv2][status] POST https://cloudresourcemanager.googleapis.com/v1/projects/fakebook-e256d:testIamPermissions 401
[debug] [2024-08-02T10:11:08.945Z] <<< [apiv2][body] POST https://cloudresourcemanager.googleapis.com/v1/projects/fakebook-e256d:testIamPermissions {"error":{"code":401,"message":"Request had invalid authentication credentials. Expected OAuth 2 access token, login cookie or other valid authentication credential. See https://developers.google.com/identity/sign-in/web/devconsole-project.","status":"UNAUTHENTICATED","details":[{"@type":"type.googleapis.com/google.rpc.ErrorInfo","reason":"ACCESS_TOKEN_TYPE_UNSUPPORTED","metadata":{"method":"google.cloudresourcemanager.v1.Projects.TestIamPermissions","service":"cloudresourcemanager.googleapis.com"}}]}}
[debug] [2024-08-02T10:11:08.949Z] [iam] error while checking permissions, command may fail: FirebaseError: HTTP Error: 401, Request had invalid authentication credentials. Expected OAuth 2 access token, login cookie or other valid authentication credential. See https://developers.google.com/identity/sign-in/web/devconsole-project.
[debug] [2024-08-02T10:11:08.951Z] > refreshing access token with scopes: []
[debug] [2024-08-02T10:11:08.954Z] >>> [apiv2][query] POST https://www.googleapis.com/oauth2/v3/token [none]
[debug] [2024-08-02T10:11:08.955Z] >>> [apiv2][body] POST https://www.googleapis.com/oauth2/v3/token [omitted]
[debug] [2024-08-02T10:11:09.118Z] <<< [apiv2][status] POST https://www.googleapis.com/oauth2/v3/token 400
[debug] [2024-08-02T10:11:09.119Z] <<< [apiv2][body] POST https://www.googleapis.com/oauth2/v3/token [omitted]
[debug] [2024-08-02T10:11:09.120Z] >>> [apiv2][query] GET https://firebase.googleapis.com/v1beta1/projects/fakebook-e256d [none]
[debug] [2024-08-02T10:11:09.538Z] <<< [apiv2][status] GET https://firebase.googleapis.com/v1beta1/projects/fakebook-e256d 401
[debug] [2024-08-02T10:11:09.538Z] <<< [apiv2][body] GET https://firebase.googleapis.com/v1beta1/projects/fakebook-e256d {"error":{"code":401,"message":"Request had invalid authentication credentials. Expected OAuth 2 access token, login cookie or other valid authentication credential. See https://developers.google.com/identity/sign-in/web/devconsole-project.","status":"UNAUTHENTICATED"}}
[debug] [2024-08-02T10:11:09.539Z] HTTP Error: 401, Request had invalid authentication credentials. Expected OAuth 2 access token, login cookie or other valid authentication credential. See https://developers.google.com/identity/sign-in/web/devconsole-project.
[debug] [2024-08-02T10:11:09.869Z] FirebaseError: HTTP Error: 401, Request had invalid authentication credentials. Expected OAuth 2 access token, login cookie or other valid authentication credential. See https://developers.google.com/identity/sign-in/web/devconsole-project.
    at responseToError (C:\Users\huzef\AppData\Roaming\npm\node_modules\firebase-tools\lib\responseToError.js:49:12)
    at RetryOperation._fn (C:\Users\huzef\AppData\Roaming\npm\node_modules\firebase-tools\lib\apiv2.js:285:77)
    at process.processTicksAndRejections (node:internal/process/task_queues:95:5)
[error] 
[error] Error: Failed to get Firebase project fakebook-e256d. Please make sure the project exists and your account has permission to access it.
